<?xml version="1.0" encoding="UTF-8"?>
<robot generator="Robot 3.2.1 (Python 3.6.9 on linux)" generated="20200821 18:57:11.681" rpa="false">
<suite id="s1" name="Example BDT" source="/home/tokarev/Study/PythonQAOtus_FinalProject/Tests/Example_BDT.robot">
<test id="s1-t1" name="Check test element by id">
<kw name="Open Browser" library="SeleniumLibrary" type="setup">
<doc>Opens a new browser instance to the optional ``url``.</doc>
<arguments>
<arg>${WEB_PATH}</arg>
<arg>${BROWSER}</arg>
</arguments>
<msg timestamp="20200821 18:57:11.805" level="INFO">Opening browser 'chrome' to base url 'https://demo.opencart.com/'.</msg>
<status status="PASS" starttime="20200821 18:57:11.804" endtime="20200821 18:57:14.975"></status>
</kw>
<kw name="Wait Until Keyword Succeeds" library="BuiltIn">
<doc>Runs the specified keyword and retries if it fails.</doc>
<arguments>
<arg>3sec</arg>
<arg>1sec</arg>
<arg>Click Element</arg>
<arg>id:logo</arg>
</arguments>
<kw name="Click Element" library="SeleniumLibrary">
<doc>Click the element identified by ``locator``.</doc>
<arguments>
<arg>id:logo</arg>
</arguments>
<msg timestamp="20200821 18:57:14.978" level="INFO">Clicking element 'id:logo'.</msg>
<status status="PASS" starttime="20200821 18:57:14.978" endtime="20200821 18:57:16.161"></status>
</kw>
<status status="PASS" starttime="20200821 18:57:14.978" endtime="20200821 18:57:16.161"></status>
</kw>
<kw name="Wait Until Keyword Succeeds" library="BuiltIn">
<doc>Runs the specified keyword and retries if it fails.</doc>
<arguments>
<arg>3sec</arg>
<arg>1sec</arg>
<arg>Click Element</arg>
<arg>id:search</arg>
</arguments>
<kw name="Click Element" library="SeleniumLibrary">
<doc>Click the element identified by ``locator``.</doc>
<arguments>
<arg>id:search</arg>
</arguments>
<msg timestamp="20200821 18:57:16.162" level="INFO">Clicking element 'id:search'.</msg>
<status status="PASS" starttime="20200821 18:57:16.162" endtime="20200821 18:57:16.223"></status>
</kw>
<status status="PASS" starttime="20200821 18:57:16.161" endtime="20200821 18:57:16.224"></status>
</kw>
<kw name="Close Browser" library="SeleniumLibrary" type="teardown">
<doc>Closes the current browser.</doc>
<status status="PASS" starttime="20200821 18:57:16.224" endtime="20200821 18:57:16.333"></status>
</kw>
<status status="PASS" starttime="20200821 18:57:11.804" endtime="20200821 18:57:16.333" critical="yes"></status>
</test>
<test id="s1-t2" name="Check test elements by css selector">
<kw name="Open Browser" library="SeleniumLibrary" type="setup">
<doc>Opens a new browser instance to the optional ``url``.</doc>
<arguments>
<arg>${WEB_PATH}</arg>
<arg>${BROWSER}</arg>
</arguments>
<msg timestamp="20200821 18:57:16.335" level="INFO">Opening browser 'chrome' to base url 'https://demo.opencart.com/'.</msg>
<status status="PASS" starttime="20200821 18:57:16.335" endtime="20200821 18:57:20.032"></status>
</kw>
<kw name="Wait Until Keyword Succeeds" library="BuiltIn">
<doc>Runs the specified keyword and retries if it fails.</doc>
<arguments>
<arg>3sec</arg>
<arg>1sec</arg>
<arg>Click Element</arg>
<arg>css:.btn-group.btn-block</arg>
</arguments>
<kw name="Click Element" library="SeleniumLibrary">
<doc>Click the element identified by ``locator``.</doc>
<arguments>
<arg>css:.btn-group.btn-block</arg>
</arguments>
<msg timestamp="20200821 18:57:20.033" level="INFO">Clicking element 'css:.btn-group.btn-block'.</msg>
<status status="PASS" starttime="20200821 18:57:20.033" endtime="20200821 18:57:20.086"></status>
</kw>
<status status="PASS" starttime="20200821 18:57:20.032" endtime="20200821 18:57:20.086"></status>
</kw>
<kw name="Close Browser" library="SeleniumLibrary" type="teardown">
<doc>Closes the current browser.</doc>
<status status="PASS" starttime="20200821 18:57:20.086" endtime="20200821 18:57:20.141"></status>
</kw>
<status status="PASS" starttime="20200821 18:57:16.334" endtime="20200821 18:57:20.141" critical="yes"></status>
</test>
<doc>Это пример теста написанного с помощью Robot Framework</doc>
<status status="PASS" starttime="20200821 18:57:11.682" endtime="20200821 18:57:20.142"></status>
</suite>
<statistics>
<total>
<stat pass="2" fail="0">Critical Tests</stat>
<stat pass="2" fail="0">All Tests</stat>
</total>
<tag>
</tag>
<suite>
<stat pass="2" fail="0" id="s1" name="Example BDT">Example BDT</stat>
</suite>
</statistics>
<errors>
<msg timestamp="20200821 18:57:11.681" level="ERROR">Taking listener 'allure_robotframework;./results/allure' into use failed: Importing listener 'allure_robotframework' failed: ModuleNotFoundError: No module named 'allure_robotframework'
Traceback (most recent call last):
  None
PYTHONPATH:
  /home/tokarev/Study/PythonQAOtus_FinalProject/venv/bin
  /usr/lib/python36.zip
  /usr/lib/python3.6
  /usr/lib/python3.6/lib-dynload
  /home/tokarev/Study/PythonQAOtus_FinalProject/venv/lib/python3.6/site-packages</msg>
<msg timestamp="20200821 18:57:11.799" level="ERROR">Error in file '/home/tokarev/Study/PythonQAOtus_FinalProject/Tests/Example_BDT.robot' on line 3: Importing test library 'AllureReportLibrary' failed: ModuleNotFoundError: No module named 'AllureListener'
Traceback (most recent call last):
  File "/home/tokarev/Study/PythonQAOtus_FinalProject/venv/lib/python3.6/site-packages/AllureReportLibrary/__init__.py", line 2, in &lt;module&gt;
    from AllureListener import *
PYTHONPATH:
  /home/tokarev/Study/PythonQAOtus_FinalProject/venv/bin
  /usr/lib/python36.zip
  /usr/lib/python3.6
  /usr/lib/python3.6/lib-dynload
  /home/tokarev/Study/PythonQAOtus_FinalProject/venv/lib/python3.6/site-packages</msg>
</errors>
</robot>
